<?xml version="1.0" encoding="UTF-8"?>
<testng-results ignored="0" total="2" passed="2" failed="0" skipped="0">
  <reporter-output>
  </reporter-output>
  <suite started-at="2023-04-07T11:58:43 IST" name="All Test Suite" finished-at="2023-04-07T11:59:08 IST" duration-ms="24698">
    <groups>
    </groups>
    <test started-at="2023-04-07T11:58:43 IST" name="/Users/saurabhkansal/IdeaProjects/EpamCA3/.idea" finished-at="2023-04-07T11:58:58 IST" duration-ms="15460">
      <class name="org.example.AppTest">
        <test-method is-config="true" signature="setupDriver(java.lang.String,java.lang.String)[pri:0, instance:org.example.AppTest@159f197]" started-at="2023-04-07T11:58:43 IST" name="setupDriver" finished-at="2023-04-07T11:58:53 IST" duration-ms="10455" status="PASS">
          <params>
            <param index="0">
              <value>
                <![CDATA[firefox]]>
              </value>
            </param>
            <param index="1">
              <value>
                <![CDATA[https://www.github.com/login/]]>
              </value>
            </param>
          </params>
          <reporter-output>
          </reporter-output>
        </test-method> <!-- setupDriver -->
        <test-method signature="gitHubLogin()[pri:0, instance:org.example.AppTest@159f197]" started-at="2023-04-07T11:58:53 IST" name="gitHubLogin" finished-at="2023-04-07T11:58:57 IST" duration-ms="4120" status="PASS">
          <reporter-output>
          </reporter-output>
        </test-method> <!-- gitHubLogin -->
        <test-method is-config="true" signature="closeDriver()[pri:0, instance:org.example.AppTest@159f197]" started-at="2023-04-07T11:58:57 IST" name="closeDriver" finished-at="2023-04-07T11:58:58 IST" duration-ms="848" status="PASS">
          <reporter-output>
          </reporter-output>
        </test-method> <!-- closeDriver -->
      </class> <!-- org.example.AppTest -->
    </test> <!-- /Users/saurabhkansal/IdeaProjects/EpamCA3/.idea -->
    <test started-at="2023-04-07T11:58:58 IST" name="test2" finished-at="2023-04-07T11:59:08 IST" duration-ms="9221">
      <class name="org.example.AppTest">
        <test-method is-config="true" signature="setupDriver(java.lang.String,java.lang.String)[pri:0, instance:org.example.AppTest@1b1473ab]" started-at="2023-04-07T11:58:58 IST" name="setupDriver" finished-at="2023-04-07T11:59:03 IST" duration-ms="4731" status="PASS">
          <params>
            <param index="0">
              <value>
                <![CDATA[chrome]]>
              </value>
            </param>
            <param index="1">
              <value>
                <![CDATA[https://www.github.com/login/]]>
              </value>
            </param>
          </params>
          <reporter-output>
          </reporter-output>
        </test-method> <!-- setupDriver -->
        <test-method signature="gitHubLogin()[pri:0, instance:org.example.AppTest@1b1473ab]" started-at="2023-04-07T11:59:03 IST" name="gitHubLogin" finished-at="2023-04-07T11:59:07 IST" duration-ms="4357" status="PASS">
          <reporter-output>
          </reporter-output>
        </test-method> <!-- gitHubLogin -->
        <test-method is-config="true" signature="closeDriver()[pri:0, instance:org.example.AppTest@1b1473ab]" started-at="2023-04-07T11:59:07 IST" name="closeDriver" finished-at="2023-04-07T11:59:08 IST" duration-ms="130" status="PASS">
          <reporter-output>
          </reporter-output>
        </test-method> <!-- closeDriver -->
      </class> <!-- org.example.AppTest -->
    </test> <!-- test2 -->
  </suite> <!-- All Test Suite -->
</testng-results>
